\o Program:		@(#)$CDS: libManager version 6.1.8 - CAT37 09/14/2021 20:38 (sjfhw830) $
\o Sub version:		sub-version  s215 
\o Arguments:		-unmapped -mpssession virtuoso6267 -mpshost E-10CKI2TL0001.it.manchester.ac.uk 
\o Working Directory:	E-10CKI2TL0001.it.manchester.ac.uk:/home/z86327ag/Cadence/COMP12111
\o 64-bit offsets
\o Qt version: 		5.9.1
\o changeWorkingDir("/home/z86327ag/Cadence/COMP12111") unnecessary.
\o ddSetForcedLib("") unnecessary.
\o Log file is "/home/z86327ag/Cadence/COMP12111/libManager.log".
\o Opening libManager window.
\a nrSetWindowVisibility(cdsLibManager "show")
\o MPS service: map window
\o Library Manager customization server connected.
\a nrSetCurrentWindow(cdsLibManager)
\a nrResizeWindow(cdsLibManager list(633 27 602 491))
\a nrSetCurrentWindow(cdsLibManager)
\a nrResizeWindow(cdsLibManager list(239 287 602 491))
\a nrSetCurrentWindow(cdsLibManager)
\a nrResizeWindow(cdsLibManager list(977 552 602 491))
\a nrSetCurrentWindow(cdsLibManager)
\a cdsLibManager->cellFilterAdvancedButton->value = t
\a cdsLibManager->libSearchOptionsButton->value = t
\a cdsLibManager->libListBox->value = "COMP12111_lib"
\a cdsLibManager->libLineEdit->value = "COMP12111_lib"
\a nrResizeWindow(cdsLibManager list(72 27 1848 1016))
\a cdsLibManager->viewFilterAdvancedButton->value = t
\a cdsLibManager->cellFilterAdvancedButton->value = t
\a nrSetWindowVisibility(cdsLibManager "hide")
\a cdsLibManager->libListBox->value = nil
\a cdsLibManager->libLineEdit->value = ""
\a cdsLibManager->libListBox->value = "COMP12111_lib"
\a cdsLibManager->libLineEdit->value = "COMP12111_lib"
\a nrSetWindowVisibility(cdsLibManager "show")
\a nrSetCurrentWindow(cdsLibManager)
\a cdsLibManager->cellFilterAdvancedButton->value = t
\a nrSetWindowVisibility(cdsLibManager "hide")
\a nrSetWindowVisibility(cdsLibManager "show")
\a nrSetCurrentWindow(cdsLibManager)
\a cdsLibManager->viewFilterAdvancedButton->value = t
\a nrSetWindowVisibility(cdsLibManager "hide")
\a nrSetWindowVisibility(cdsLibManager "show")
\a nrSetCurrentWindow(cdsLibManager)
\a nrSetCurrentWindow(cdsLibManager)
\a nrSetCurrentWindow(cdsLibManager)
\a nrSetCurrentWindow(cdsLibManager)
\a nrSetCurrentWindow(cdsLibManager)
\a cdsLibManager->libLineEdit->value = ""
\a cdsLibManager->libListBox->value = nil
\a nrListItemAction(cdsLibManager->libListBox "COMP12111_lib" 0)
\a cdsLibManager->libListBox->value = "COMP12111_lib"
\a cdsLibManager->libLineEdit->value = "COMP12111_lib"
\a cdsLibManager->cellListBox->value = "adder_16bit"
\a cdsLibManager->cellLineEdit->value = "adder_16bit"
\a cdsLibManager->viewListBox->value = "schematic"
\a cdsLibManager->viewLineEdit->value = "schematic"
\a cdsLibManager->viewLineEdit->value = ""
\a cdsLibManager->viewListBox->value = nil
\o MPS request: edit design
\a nrListItemAction(cdsLibManager->cellListBox 1 0)
\a cdsLibManager->libListBox->value = nil
\a cdsLibManager->libLineEdit->value = ""
\a cdsLibManager->cellLineEdit->value = ""
\a cdsLibManager->cellListBox->value = nil
\a cdsLibManager->libListBox->value = "COMP12111_lib"
\a cdsLibManager->libLineEdit->value = "COMP12111_lib"
\a cdsLibManager->cellListBox->value = "adder_16bit"
\a cdsLibManager->cellLineEdit->value = "adder_16bit"
\a cdsLibManager->viewListBox->value = "schematic"
\a cdsLibManager->viewLineEdit->value = "schematic"
\a cdsLibManager->viewLineEdit->value = ""
\a cdsLibManager->viewListBox->value = nil
\a cdsLibManager->viewListBox->value = "schematic"
\a cdsLibManager->viewLineEdit->value = "schematic"
\a nrSetCurrentWindow(cdsLibManager)
\a nrSetCurrentWindow(cdsLibManager)
\a cdsLibManager->cellLineEdit->value = ""
\a cdsLibManager->cellListBox->value = nil
\a cdsLibManager->viewLineEdit->value = ""
\a cdsLibManager->viewListBox->value = nil
\a cdsLibManager->cellListBox->value = "adder_16bit"
\a cdsLibManager->cellLineEdit->value = "adder_16bit"
\a cdsLibManager->viewListBox->value = "schematic"
\a cdsLibManager->viewLineEdit->value = "schematic"
\a cdsLibManager->viewLineEdit->value = ""
\a cdsLibManager->viewListBox->value = nil
\o MPS request: edit design
\a nrListItemAction(cdsLibManager->cellListBox 1 0)
\a cdsLibManager->libListBox->value = nil
\a cdsLibManager->libLineEdit->value = ""
\a cdsLibManager->cellLineEdit->value = ""
\a cdsLibManager->cellListBox->value = nil
\a cdsLibManager->libListBox->value = "COMP12111_lib"
\a cdsLibManager->libLineEdit->value = "COMP12111_lib"
\a cdsLibManager->cellListBox->value = "adder_16bit"
\a cdsLibManager->cellLineEdit->value = "adder_16bit"
\a cdsLibManager->viewListBox->value = "schematic"
\a cdsLibManager->viewLineEdit->value = "schematic"
\a cdsLibManager->viewLineEdit->value = ""
\a cdsLibManager->viewListBox->value = nil
\a cdsLibManager->viewListBox->value = "schematic"
\a cdsLibManager->viewLineEdit->value = "schematic"
\a nrSetCurrentWindow(cdsLibManager)
\a nrSetCurrentWindow(cdsLibManager)
\a nrSetCurrentWindow(cdsLibManager)
\a nrSetCurrentWindow(cdsLibManager)
\a nrSetCurrentWindow(cdsLibManager)
\a nrSetCurrentWindow(cdsLibManager)
\a cdsLibManager->cellLineEdit->value = ""
\a cdsLibManager->cellListBox->value = nil
\a cdsLibManager->viewLineEdit->value = ""
\a cdsLibManager->viewListBox->value = nil
\a cdsLibManager->libLineEdit->value = ""
\a cdsLibManager->libListBox->value = nil
\a nrListItemAction(cdsLibManager->libListBox "COMP12111_lib" 0)
\a cdsLibManager->libListBox->value = "COMP12111_lib"
\a cdsLibManager->libLineEdit->value = "COMP12111_lib"
\a cdsLibManager->cellListBox->value = "adder_16bit"
\a cdsLibManager->cellLineEdit->value = "adder_16bit"
\a cdsLibManager->viewListBox->value = "schematic"
\a cdsLibManager->viewLineEdit->value = "schematic"
\a cdsLibManager->cellListBox->value = "fulladder"
\a cdsLibManager->cellLineEdit->value = "fulladder"
\a cdsLibManager->viewLineEdit->value = ""
\a cdsLibManager->viewListBox->value = nil
\a cdsLibManager->viewListBox->value = "schematic"
\a cdsLibManager->viewLineEdit->value = "schematic"
\a cdsLibManager->viewLineEdit->value = ""
\a cdsLibManager->viewListBox->value = nil
\o MPS request: edit design
\a nrListItemAction(cdsLibManager->cellListBox 4 0)
\a nrSetCurrentWindow(cdsLibManager)
\a nrSetCurrentWindow(cdsLibManager)
\a nrSetCurrentWindow(cdsLibManager)
\a cdsLibManager->libListBox->value = nil
\a cdsLibManager->libLineEdit->value = ""
\a cdsLibManager->cellLineEdit->value = ""
\a cdsLibManager->cellListBox->value = nil
\a cdsLibManager->libListBox->value = "COMP12111_lib"
\a cdsLibManager->libLineEdit->value = "COMP12111_lib"
\a cdsLibManager->cellListBox->value = "fulladder"
\a cdsLibManager->cellLineEdit->value = "fulladder"
\a cdsLibManager->viewListBox->value = "schematic"
\a cdsLibManager->viewLineEdit->value = "schematic"
\a cdsLibManager->viewLineEdit->value = ""
\a cdsLibManager->viewListBox->value = nil
\a cdsLibManager->viewListBox->value = "schematic"
\a cdsLibManager->viewLineEdit->value = "schematic"
\a nrSetCurrentWindow(cdsLibManager)
\a cdsLibManager->cellLineEdit->value = ""
\a cdsLibManager->cellListBox->value = nil
\a cdsLibManager->viewLineEdit->value = ""
\a cdsLibManager->viewListBox->value = nil
\a cdsLibManager->cellListBox->value = "fulladder"
\a cdsLibManager->cellLineEdit->value = "fulladder"
\a cdsLibManager->viewListBox->value = "schematic"
\a cdsLibManager->viewLineEdit->value = "schematic"
\a cdsLibManager->viewLineEdit->value = ""
\a cdsLibManager->viewListBox->value = nil
\o MPS request: edit design
\a nrListItemAction(cdsLibManager->cellListBox 4 0)
\a cdsLibManager->libListBox->value = nil
\a cdsLibManager->libLineEdit->value = ""
\a cdsLibManager->cellLineEdit->value = ""
\a cdsLibManager->cellListBox->value = nil
\a cdsLibManager->libListBox->value = "COMP12111_lib"
\a cdsLibManager->libLineEdit->value = "COMP12111_lib"
\a cdsLibManager->cellListBox->value = "fulladder"
\a cdsLibManager->cellLineEdit->value = "fulladder"
\a cdsLibManager->viewListBox->value = "schematic"
\a cdsLibManager->viewLineEdit->value = "schematic"
\a cdsLibManager->viewLineEdit->value = ""
\a cdsLibManager->viewListBox->value = nil
\a cdsLibManager->viewListBox->value = "schematic"
\a cdsLibManager->viewLineEdit->value = "schematic"
\a nrSetCurrentWindow(cdsLibManager)
\a nrSetCurrentWindow(cdsLibManager)
\a nrSetCurrentWindow(cdsLibManager)
\a nrSetCurrentWindow(cdsLibManager)
\a nrSetWindowVisibility(cdsLibManager "hide")
\a nrSetWindowVisibility(cdsLibManager "show")
\a nrSetCurrentWindow(cdsLibManager)
\a cdsLibManager->cellLineEdit->value = ""
\a cdsLibManager->cellListBox->value = nil
\a cdsLibManager->viewLineEdit->value = ""
\a cdsLibManager->viewListBox->value = nil
\a cdsLibManager->cellListBox->value = "fulladder"
\a cdsLibManager->cellLineEdit->value = "fulladder"
\a cdsLibManager->viewListBox->value = "schematic"
\a cdsLibManager->viewLineEdit->value = "schematic"
\a cdsLibManager->viewLineEdit->value = ""
\a cdsLibManager->viewListBox->value = nil
\o MPS request: edit design
\a nrListItemAction(cdsLibManager->cellListBox 4 0)
\a cdsLibManager->libListBox->value = nil
\a cdsLibManager->libLineEdit->value = ""
\a cdsLibManager->cellLineEdit->value = ""
\a cdsLibManager->cellListBox->value = nil
\a cdsLibManager->libListBox->value = "COMP12111_lib"
\a cdsLibManager->libLineEdit->value = "COMP12111_lib"
\a cdsLibManager->cellListBox->value = "fulladder"
\a cdsLibManager->cellLineEdit->value = "fulladder"
\a cdsLibManager->viewListBox->value = "schematic"
\a cdsLibManager->viewLineEdit->value = "schematic"
\a cdsLibManager->viewLineEdit->value = ""
\a cdsLibManager->viewListBox->value = nil
\a cdsLibManager->viewListBox->value = "schematic"
\a cdsLibManager->viewLineEdit->value = "schematic"
\a cdsLibManager->viewSearchOptionsButton->value = t
\a cdsLibManager->cellSearchOptionsButton->value = t
\a cdsLibManager->cellFilterAdvancedButton->value = t
\a nrSetCurrentWindow(cdsLibManager)
\a nrSetCurrentWindow(cdsLibManager)
\a nrSetWindowVisibility(cdsLibManager "hide")
\a nrSetWindowVisibility(cdsLibManager "show")
\a nrSetCurrentWindow(cdsLibManager)
\a nrSetWindowVisibility(cdsLibManager "hide")
\a nrSetWindowVisibility(cdsLibManager "show")
\a nrSetCurrentWindow(cdsLibManager)
\a cdsLibManager->libListBox->value = "spartan6"
\a cdsLibManager->libLineEdit->value = "spartan6"
\a cdsLibManager->cellLineEdit->value = ""
\a cdsLibManager->cellListBox->value = nil
\a cdsLibManager->viewLineEdit->value = ""
\a cdsLibManager->viewListBox->value = nil
\a nrSetWindowVisibility(cdsLibManager "hide")
\a nrSetWindowVisibility(cdsLibManager "show")
\a nrSetCurrentWindow(cdsLibManager)
\a nrSetWindowVisibility(cdsLibManager "hide")
\a nrSetWindowVisibility(cdsLibManager "show")
\a nrSetCurrentWindow(cdsLibManager)
\a nrSetWindowVisibility(cdsLibManager "hide")
\a nrSetWindowVisibility(cdsLibManager "show")
\a nrSetCurrentWindow(cdsLibManager)
\a nrSetWindowVisibility(cdsLibManager "hide")
\a nrSetWindowVisibility(cdsLibManager "show")
\a nrSetCurrentWindow(cdsLibManager)
\a nrSetCurrentWindow(cdsLibManager)
\a cdsLibManager->cellListBox->value = "AND2"
\a cdsLibManager->cellLineEdit->value = "AND2"
\a cdsLibManager->viewListBox->value = "symbol"
\a cdsLibManager->viewLineEdit->value = "symbol"
\a cdsLibManager->cellListBox->value = "BUFG"
\a cdsLibManager->cellLineEdit->value = "BUFG"
\a cdsLibManager->viewLineEdit->value = ""
\a cdsLibManager->viewListBox->value = nil
\a cdsLibManager->viewListBox->value = "symbol"
\a cdsLibManager->viewLineEdit->value = "symbol"
\a cdsLibManager->cellListBox->value = "FD"
\a cdsLibManager->cellLineEdit->value = "FD"
\a cdsLibManager->viewLineEdit->value = ""
\a cdsLibManager->viewListBox->value = nil
\a cdsLibManager->viewListBox->value = "symbol"
\a cdsLibManager->viewLineEdit->value = "symbol"
\a cdsLibManager->cellListBox->value = "FDC"
\a cdsLibManager->cellLineEdit->value = "FDC"
\a cdsLibManager->viewLineEdit->value = ""
\a cdsLibManager->viewListBox->value = nil
\a cdsLibManager->viewListBox->value = "symbol"
\a cdsLibManager->viewLineEdit->value = "symbol"
\a cdsLibManager->cellListBox->value = "FDCE"
\a cdsLibManager->cellLineEdit->value = "FDCE"
\a cdsLibManager->viewLineEdit->value = ""
\a cdsLibManager->viewListBox->value = nil
\a cdsLibManager->viewListBox->value = "symbol"
\a cdsLibManager->viewLineEdit->value = "symbol"
\a cdsLibManager->cellListBox->value = "FDCE_1"
\a cdsLibManager->cellLineEdit->value = "FDCE_1"
\a cdsLibManager->viewLineEdit->value = ""
\a cdsLibManager->viewListBox->value = nil
\a cdsLibManager->viewListBox->value = "symbol"
\a cdsLibManager->viewLineEdit->value = "symbol"
\a cdsLibManager->cellListBox->value = "FDCP"
\a cdsLibManager->cellLineEdit->value = "FDCP"
\a cdsLibManager->viewLineEdit->value = ""
\a cdsLibManager->viewListBox->value = nil
\a cdsLibManager->viewListBox->value = "symbol"
\a cdsLibManager->viewLineEdit->value = "symbol"
\a cdsLibManager->cellListBox->value = "FDCPE"
\a cdsLibManager->cellLineEdit->value = "FDCPE"
\a cdsLibManager->viewLineEdit->value = ""
\a cdsLibManager->viewListBox->value = nil
\a cdsLibManager->viewListBox->value = "symbol"
\a cdsLibManager->viewLineEdit->value = "symbol"
\a cdsLibManager->cellListBox->value = "FDCPE_1"
\a cdsLibManager->cellLineEdit->value = "FDCPE_1"
\a cdsLibManager->viewLineEdit->value = ""
\a cdsLibManager->viewListBox->value = nil
\a cdsLibManager->viewListBox->value = "symbol"
\a cdsLibManager->viewLineEdit->value = "symbol"
\a cdsLibManager->cellListBox->value = "FDC_1"
\a cdsLibManager->cellLineEdit->value = "FDC_1"
\a cdsLibManager->viewLineEdit->value = ""
\a cdsLibManager->viewListBox->value = nil
\a cdsLibManager->viewListBox->value = "symbol"
\a cdsLibManager->viewLineEdit->value = "symbol"
\a cdsLibManager->cellListBox->value = "FDDRRSE"
\a cdsLibManager->cellLineEdit->value = "FDDRRSE"
\a cdsLibManager->viewLineEdit->value = ""
\a cdsLibManager->viewListBox->value = nil
\a cdsLibManager->viewListBox->value = "symbol"
\a cdsLibManager->viewLineEdit->value = "symbol"
\a cdsLibManager->cellListBox->value = "FDE_1"
\a cdsLibManager->cellLineEdit->value = "FDE_1"
\a cdsLibManager->viewLineEdit->value = ""
\a cdsLibManager->viewListBox->value = nil
\a cdsLibManager->viewListBox->value = "symbol"
\a cdsLibManager->viewLineEdit->value = "symbol"
\a cdsLibManager->cellListBox->value = "FDPE_1"
\a cdsLibManager->cellLineEdit->value = "FDPE_1"
\a cdsLibManager->viewLineEdit->value = ""
\a cdsLibManager->viewListBox->value = nil
\a cdsLibManager->viewListBox->value = "symbol"
\a cdsLibManager->viewLineEdit->value = "symbol"
\a cdsLibManager->cellListBox->value = "FDRE"
\a cdsLibManager->cellLineEdit->value = "FDRE"
\a cdsLibManager->viewLineEdit->value = ""
\a cdsLibManager->viewListBox->value = nil
\a cdsLibManager->viewListBox->value = "symbol"
\a cdsLibManager->viewLineEdit->value = "symbol"
\a cdsLibManager->cellListBox->value = "FDRSE"
\a cdsLibManager->cellLineEdit->value = "FDRSE"
\a cdsLibManager->viewLineEdit->value = ""
\a cdsLibManager->viewListBox->value = nil
\a cdsLibManager->viewListBox->value = "symbol"
\a cdsLibManager->viewLineEdit->value = "symbol"
\a cdsLibManager->cellListBox->value = "FDS"
\a cdsLibManager->cellLineEdit->value = "FDS"
\a cdsLibManager->viewLineEdit->value = ""
\a cdsLibManager->viewListBox->value = nil
\a cdsLibManager->viewListBox->value = "symbol"
\a cdsLibManager->viewLineEdit->value = "symbol"
\a cdsLibManager->cellListBox->value = "FD_1"
\a cdsLibManager->cellLineEdit->value = "FD_1"
\a cdsLibManager->viewLineEdit->value = ""
\a cdsLibManager->viewListBox->value = nil
\a cdsLibManager->viewListBox->value = "symbol"
\a cdsLibManager->viewLineEdit->value = "symbol"
\a cdsLibManager->cellListBox->value = "IOBUF"
\a cdsLibManager->cellLineEdit->value = "IOBUF"
\a cdsLibManager->viewLineEdit->value = ""
\a cdsLibManager->viewListBox->value = nil
\a cdsLibManager->viewListBox->value = "symbol"
\a cdsLibManager->viewLineEdit->value = "symbol"
\a cdsLibManager->cellListBox->value = "NAND2B2"
\a cdsLibManager->cellLineEdit->value = "NAND2B2"
\a cdsLibManager->viewLineEdit->value = ""
\a cdsLibManager->viewListBox->value = nil
\a cdsLibManager->viewListBox->value = "symbol"
\a cdsLibManager->viewLineEdit->value = "symbol"
\a cdsLibManager->cellListBox->value = "NAND4"
\a cdsLibManager->cellLineEdit->value = "NAND4"
\a cdsLibManager->viewLineEdit->value = ""
\a cdsLibManager->viewListBox->value = nil
\a cdsLibManager->viewListBox->value = "symbol"
\a cdsLibManager->viewLineEdit->value = "symbol"
\a cdsLibManager->cellListBox->value = "NAND5"
\a cdsLibManager->cellLineEdit->value = "NAND5"
\a cdsLibManager->viewLineEdit->value = ""
\a cdsLibManager->viewListBox->value = nil
\a cdsLibManager->viewListBox->value = "symbol"
\a cdsLibManager->viewLineEdit->value = "symbol"
\a cdsLibManager->cellListBox->value = "NOR2"
\a cdsLibManager->cellLineEdit->value = "NOR2"
\a cdsLibManager->viewLineEdit->value = ""
\a cdsLibManager->viewListBox->value = nil
\a cdsLibManager->viewListBox->value = "symbol"
\a cdsLibManager->viewLineEdit->value = "symbol"
\a cdsLibManager->cellListBox->value = "NOR3B3"
\a cdsLibManager->cellLineEdit->value = "NOR3B3"
\a cdsLibManager->viewLineEdit->value = ""
\a cdsLibManager->viewListBox->value = nil
\a cdsLibManager->viewListBox->value = "symbol"
\a cdsLibManager->viewLineEdit->value = "symbol"
\a cdsLibManager->cellListBox->value = "NOR5"
\a cdsLibManager->cellLineEdit->value = "NOR5"
\a cdsLibManager->viewLineEdit->value = ""
\a cdsLibManager->viewListBox->value = nil
\a cdsLibManager->viewListBox->value = "symbol"
\a cdsLibManager->viewLineEdit->value = "symbol"
\a cdsLibManager->cellListBox->value = "OBUFT"
\a cdsLibManager->cellLineEdit->value = "OBUFT"
\a cdsLibManager->viewLineEdit->value = ""
\a cdsLibManager->viewListBox->value = nil
\a cdsLibManager->viewListBox->value = "symbol"
\a cdsLibManager->viewLineEdit->value = "symbol"
\a cdsLibManager->cellListBox->value = "OR3B2"
\a cdsLibManager->cellLineEdit->value = "OR3B2"
\a cdsLibManager->viewLineEdit->value = ""
\a cdsLibManager->viewListBox->value = nil
\a cdsLibManager->viewListBox->value = "symbol"
\a cdsLibManager->viewLineEdit->value = "symbol"
\a cdsLibManager->cellListBox->value = "OR5"
\a cdsLibManager->cellLineEdit->value = "OR5"
\a cdsLibManager->viewLineEdit->value = ""
\a cdsLibManager->viewListBox->value = nil
\a cdsLibManager->viewListBox->value = "symbol"
\a cdsLibManager->viewLineEdit->value = "symbol"
\a cdsLibManager->cellListBox->value = "XNOR2"
\a cdsLibManager->cellLineEdit->value = "XNOR2"
\a cdsLibManager->viewLineEdit->value = ""
\a cdsLibManager->viewListBox->value = nil
\a cdsLibManager->viewListBox->value = "symbol"
\a cdsLibManager->viewLineEdit->value = "symbol"
\a cdsLibManager->cellListBox->value = "XORCY"
\a cdsLibManager->cellLineEdit->value = "XORCY"
\a cdsLibManager->viewLineEdit->value = ""
\a cdsLibManager->viewListBox->value = nil
\a cdsLibManager->viewListBox->value = "symbol"
\a cdsLibManager->viewLineEdit->value = "symbol"
\a cdsLibManager->cellListBox->value = "XORCY_L"
\a cdsLibManager->cellLineEdit->value = "XORCY_L"
\a cdsLibManager->viewLineEdit->value = ""
\a cdsLibManager->viewListBox->value = nil
\a cdsLibManager->viewListBox->value = "symbol"
\a cdsLibManager->viewLineEdit->value = "symbol"
\a cdsLibManager->cellListBox->value = "XORCY_D"
\a cdsLibManager->cellLineEdit->value = "XORCY_D"
\a cdsLibManager->viewLineEdit->value = ""
\a cdsLibManager->viewListBox->value = nil
\a cdsLibManager->viewListBox->value = "symbol"
\a cdsLibManager->viewLineEdit->value = "symbol"
\a cdsLibManager->cellListBox->value = "XORCY"
\a cdsLibManager->cellLineEdit->value = "XORCY"
\a cdsLibManager->viewLineEdit->value = ""
\a cdsLibManager->viewListBox->value = nil
\a cdsLibManager->viewListBox->value = "symbol"
\a cdsLibManager->viewLineEdit->value = "symbol"
\a cdsLibManager->cellListBox->value = "XOR5"
\a cdsLibManager->cellLineEdit->value = "XOR5"
\a cdsLibManager->viewLineEdit->value = ""
\a cdsLibManager->viewListBox->value = nil
\a cdsLibManager->viewListBox->value = "symbol"
\a cdsLibManager->viewLineEdit->value = "symbol"
\a cdsLibManager->cellListBox->value = "XOR4"
\a cdsLibManager->cellLineEdit->value = "XOR4"
\a cdsLibManager->viewLineEdit->value = ""
\a cdsLibManager->viewListBox->value = nil
\a cdsLibManager->viewListBox->value = "symbol"
\a cdsLibManager->viewLineEdit->value = "symbol"
\a cdsLibManager->cellListBox->value = "XOR3"
\a cdsLibManager->cellLineEdit->value = "XOR3"
\a cdsLibManager->viewLineEdit->value = ""
\a cdsLibManager->viewListBox->value = nil
\a cdsLibManager->viewListBox->value = "symbol"
\a cdsLibManager->viewLineEdit->value = "symbol"
\a cdsLibManager->cellListBox->value = "XOR2"
\a cdsLibManager->cellLineEdit->value = "XOR2"
\a cdsLibManager->viewLineEdit->value = ""
\a cdsLibManager->viewListBox->value = nil
\a cdsLibManager->viewListBox->value = "symbol"
\a cdsLibManager->viewLineEdit->value = "symbol"
\a cdsLibManager->cellListBox->value = "XNOR5"
\a cdsLibManager->cellLineEdit->value = "XNOR5"
\a cdsLibManager->viewLineEdit->value = ""
\a cdsLibManager->viewListBox->value = nil
\a cdsLibManager->viewListBox->value = "symbol"
\a cdsLibManager->viewLineEdit->value = "symbol"
\a cdsLibManager->cellListBox->value = "XNOR4"
\a cdsLibManager->cellLineEdit->value = "XNOR4"
\a cdsLibManager->viewLineEdit->value = ""
\a cdsLibManager->viewListBox->value = nil
\a cdsLibManager->viewListBox->value = "symbol"
\a cdsLibManager->viewLineEdit->value = "symbol"
\a cdsLibManager->cellListBox->value = "XNOR3"
\a cdsLibManager->cellLineEdit->value = "XNOR3"
\a cdsLibManager->viewLineEdit->value = ""
\a cdsLibManager->viewListBox->value = nil
\a cdsLibManager->viewListBox->value = "symbol"
\a cdsLibManager->viewLineEdit->value = "symbol"
\a cdsLibManager->cellListBox->value = "XNOR2"
\a cdsLibManager->cellLineEdit->value = "XNOR2"
\a cdsLibManager->viewLineEdit->value = ""
\a cdsLibManager->viewListBox->value = nil
\a cdsLibManager->viewListBox->value = "symbol"
\a cdsLibManager->viewLineEdit->value = "symbol"
\a cdsLibManager->cellListBox->value = "VCC"
\a cdsLibManager->cellLineEdit->value = "VCC"
\a cdsLibManager->viewLineEdit->value = ""
\a cdsLibManager->viewListBox->value = nil
\a cdsLibManager->viewListBox->value = "symbol"
\a cdsLibManager->viewLineEdit->value = "symbol"
\a cdsLibManager->cellListBox->value = "OR5B5"
\a cdsLibManager->cellLineEdit->value = "OR5B5"
\a cdsLibManager->viewLineEdit->value = ""
\a cdsLibManager->viewListBox->value = nil
\a cdsLibManager->viewListBox->value = "symbol"
\a cdsLibManager->viewLineEdit->value = "symbol"
\a cdsLibManager->cellListBox->value = "OR5B4"
\a cdsLibManager->cellLineEdit->value = "OR5B4"
\a cdsLibManager->viewLineEdit->value = ""
\a cdsLibManager->viewListBox->value = nil
\a cdsLibManager->viewListBox->value = "symbol"
\a cdsLibManager->viewLineEdit->value = "symbol"
\a cdsLibManager->cellListBox->value = "OR5B3"
\a cdsLibManager->cellLineEdit->value = "OR5B3"
\a cdsLibManager->viewLineEdit->value = ""
\a cdsLibManager->viewListBox->value = nil
\a cdsLibManager->viewListBox->value = "symbol"
\a cdsLibManager->viewLineEdit->value = "symbol"
\a cdsLibManager->cellListBox->value = "OR5B2"
\a cdsLibManager->cellLineEdit->value = "OR5B2"
\a cdsLibManager->viewLineEdit->value = ""
\a cdsLibManager->viewListBox->value = nil
\a cdsLibManager->viewListBox->value = "symbol"
\a cdsLibManager->viewLineEdit->value = "symbol"
\a cdsLibManager->cellListBox->value = "OR5B1"
\a cdsLibManager->cellLineEdit->value = "OR5B1"
\a cdsLibManager->viewLineEdit->value = ""
\a cdsLibManager->viewListBox->value = nil
\a cdsLibManager->viewListBox->value = "symbol"
\a cdsLibManager->viewLineEdit->value = "symbol"
\a cdsLibManager->cellListBox->value = "OR5"
\a cdsLibManager->cellLineEdit->value = "OR5"
\a cdsLibManager->viewLineEdit->value = ""
\a cdsLibManager->viewListBox->value = nil
\a cdsLibManager->viewListBox->value = "symbol"
\a cdsLibManager->viewLineEdit->value = "symbol"
\a cdsLibManager->cellListBox->value = "OR4B4"
\a cdsLibManager->cellLineEdit->value = "OR4B4"
\a cdsLibManager->viewLineEdit->value = ""
\a cdsLibManager->viewListBox->value = nil
\a cdsLibManager->viewListBox->value = "symbol"
\a cdsLibManager->viewLineEdit->value = "symbol"
\a cdsLibManager->cellListBox->value = "OR4B3"
\a cdsLibManager->cellLineEdit->value = "OR4B3"
\a cdsLibManager->viewLineEdit->value = ""
\a cdsLibManager->viewListBox->value = nil
\a cdsLibManager->viewListBox->value = "symbol"
\a cdsLibManager->viewLineEdit->value = "symbol"
\a cdsLibManager->cellListBox->value = "OR4B2"
\a cdsLibManager->cellLineEdit->value = "OR4B2"
\a cdsLibManager->viewLineEdit->value = ""
\a cdsLibManager->viewListBox->value = nil
\a cdsLibManager->viewListBox->value = "symbol"
\a cdsLibManager->viewLineEdit->value = "symbol"
\a cdsLibManager->cellListBox->value = "OR4B1"
\a cdsLibManager->cellLineEdit->value = "OR4B1"
\a cdsLibManager->viewLineEdit->value = ""
\a cdsLibManager->viewListBox->value = nil
\a cdsLibManager->viewListBox->value = "symbol"
\a cdsLibManager->viewLineEdit->value = "symbol"
\a cdsLibManager->cellListBox->value = "OR4"
\a cdsLibManager->cellLineEdit->value = "OR4"
\a cdsLibManager->viewLineEdit->value = ""
\a cdsLibManager->viewListBox->value = nil
\a cdsLibManager->viewListBox->value = "symbol"
\a cdsLibManager->viewLineEdit->value = "symbol"
\a cdsLibManager->cellListBox->value = "OR3B3"
\a cdsLibManager->cellLineEdit->value = "OR3B3"
\a cdsLibManager->viewLineEdit->value = ""
\a cdsLibManager->viewListBox->value = nil
\a cdsLibManager->viewListBox->value = "symbol"
\a cdsLibManager->viewLineEdit->value = "symbol"
\a cdsLibManager->cellListBox->value = "OR3B2"
\a cdsLibManager->cellLineEdit->value = "OR3B2"
\a cdsLibManager->viewLineEdit->value = ""
\a cdsLibManager->viewListBox->value = nil
\a cdsLibManager->viewListBox->value = "symbol"
\a cdsLibManager->viewLineEdit->value = "symbol"
\a cdsLibManager->cellListBox->value = "OR3B1"
\a cdsLibManager->cellLineEdit->value = "OR3B1"
\a cdsLibManager->viewLineEdit->value = ""
\a cdsLibManager->viewListBox->value = nil
\a cdsLibManager->viewListBox->value = "symbol"
\a cdsLibManager->viewLineEdit->value = "symbol"
\a cdsLibManager->cellListBox->value = "OR3"
\a cdsLibManager->cellLineEdit->value = "OR3"
\a cdsLibManager->viewLineEdit->value = ""
\a cdsLibManager->viewListBox->value = nil
\a cdsLibManager->viewListBox->value = "symbol"
\a cdsLibManager->viewLineEdit->value = "symbol"
\a cdsLibManager->cellListBox->value = "OR2B2"
\a cdsLibManager->cellLineEdit->value = "OR2B2"
\a cdsLibManager->viewLineEdit->value = ""
\a cdsLibManager->viewListBox->value = nil
\a cdsLibManager->viewListBox->value = "symbol"
\a cdsLibManager->viewLineEdit->value = "symbol"
\a cdsLibManager->cellListBox->value = "OR2B1"
\a cdsLibManager->cellLineEdit->value = "OR2B1"
\a cdsLibManager->viewLineEdit->value = ""
\a cdsLibManager->viewListBox->value = nil
\a cdsLibManager->viewListBox->value = "symbol"
\a cdsLibManager->viewLineEdit->value = "symbol"
\a cdsLibManager->cellListBox->value = "OR2"
\a cdsLibManager->cellLineEdit->value = "OR2"
\a cdsLibManager->viewLineEdit->value = ""
\a cdsLibManager->viewListBox->value = nil
\a cdsLibManager->viewListBox->value = "symbol"
\a cdsLibManager->viewLineEdit->value = "symbol"
\a cdsLibManager->cellListBox->value = "OPAD"
\a cdsLibManager->cellLineEdit->value = "OPAD"
\a cdsLibManager->viewLineEdit->value = ""
\a cdsLibManager->viewListBox->value = nil
\a cdsLibManager->viewListBox->value = "symbol"
\a cdsLibManager->viewLineEdit->value = "symbol"
\a cdsLibManager->cellListBox->value = "OBUFT"
\a cdsLibManager->cellLineEdit->value = "OBUFT"
\a cdsLibManager->viewLineEdit->value = ""
\a cdsLibManager->viewListBox->value = nil
\a cdsLibManager->viewListBox->value = "symbol"
\a cdsLibManager->viewLineEdit->value = "symbol"
\a cdsLibManager->cellListBox->value = "OBUF"
\a cdsLibManager->cellLineEdit->value = "OBUF"
\a cdsLibManager->viewLineEdit->value = ""
\a cdsLibManager->viewListBox->value = nil
\a cdsLibManager->viewListBox->value = "symbol"
\a cdsLibManager->viewLineEdit->value = "symbol"
\a cdsLibManager->cellListBox->value = "NOR5B5"
\a cdsLibManager->cellLineEdit->value = "NOR5B5"
\a cdsLibManager->viewLineEdit->value = ""
\a cdsLibManager->viewListBox->value = nil
\a cdsLibManager->viewListBox->value = "symbol"
\a cdsLibManager->viewLineEdit->value = "symbol"
\a cdsLibManager->cellListBox->value = "NOR5B4"
\a cdsLibManager->cellLineEdit->value = "NOR5B4"
\a cdsLibManager->viewLineEdit->value = ""
\a cdsLibManager->viewListBox->value = nil
\a cdsLibManager->viewListBox->value = "symbol"
\a cdsLibManager->viewLineEdit->value = "symbol"
\a cdsLibManager->cellListBox->value = "NOR5B3"
\a cdsLibManager->cellLineEdit->value = "NOR5B3"
\a cdsLibManager->viewLineEdit->value = ""
\a cdsLibManager->viewListBox->value = nil
\a cdsLibManager->viewListBox->value = "symbol"
\a cdsLibManager->viewLineEdit->value = "symbol"
\a cdsLibManager->cellListBox->value = "NOR5B2"
\a cdsLibManager->cellLineEdit->value = "NOR5B2"
\a cdsLibManager->viewLineEdit->value = ""
\a cdsLibManager->viewListBox->value = nil
\a cdsLibManager->viewListBox->value = "symbol"
\a cdsLibManager->viewLineEdit->value = "symbol"
\a cdsLibManager->cellListBox->value = "NOR5B1"
\a cdsLibManager->cellLineEdit->value = "NOR5B1"
\a cdsLibManager->viewLineEdit->value = ""
\a cdsLibManager->viewListBox->value = nil
\a cdsLibManager->viewListBox->value = "symbol"
\a cdsLibManager->viewLineEdit->value = "symbol"
\a cdsLibManager->cellListBox->value = "NOR5"
\a cdsLibManager->cellLineEdit->value = "NOR5"
\a cdsLibManager->viewLineEdit->value = ""
\a cdsLibManager->viewListBox->value = nil
\a cdsLibManager->viewListBox->value = "symbol"
\a cdsLibManager->viewLineEdit->value = "symbol"
\a cdsLibManager->cellListBox->value = "NOR4B4"
\a cdsLibManager->cellLineEdit->value = "NOR4B4"
\a cdsLibManager->viewLineEdit->value = ""
\a cdsLibManager->viewListBox->value = nil
\a cdsLibManager->viewListBox->value = "symbol"
\a cdsLibManager->viewLineEdit->value = "symbol"
\a cdsLibManager->cellListBox->value = "NOR4B3"
\a cdsLibManager->cellLineEdit->value = "NOR4B3"
\a cdsLibManager->viewLineEdit->value = ""
\a cdsLibManager->viewListBox->value = nil
\a cdsLibManager->viewListBox->value = "symbol"
\a cdsLibManager->viewLineEdit->value = "symbol"
\a cdsLibManager->cellListBox->value = "NOR4B2"
\a cdsLibManager->cellLineEdit->value = "NOR4B2"
\a cdsLibManager->viewLineEdit->value = ""
\a cdsLibManager->viewListBox->value = nil
\a cdsLibManager->viewListBox->value = "symbol"
\a cdsLibManager->viewLineEdit->value = "symbol"
\a cdsLibManager->cellListBox->value = "NOR4B1"
\a cdsLibManager->cellLineEdit->value = "NOR4B1"
\a cdsLibManager->viewLineEdit->value = ""
\a cdsLibManager->viewListBox->value = nil
\a cdsLibManager->viewListBox->value = "symbol"
\a cdsLibManager->viewLineEdit->value = "symbol"
\a cdsLibManager->cellListBox->value = "NOR4"
\a cdsLibManager->cellLineEdit->value = "NOR4"
\a cdsLibManager->viewLineEdit->value = ""
\a cdsLibManager->viewListBox->value = nil
\a cdsLibManager->viewListBox->value = "symbol"
\a cdsLibManager->viewLineEdit->value = "symbol"
\a cdsLibManager->cellListBox->value = "NOR3B3"
\a cdsLibManager->cellLineEdit->value = "NOR3B3"
\a cdsLibManager->viewLineEdit->value = ""
\a cdsLibManager->viewListBox->value = nil
\a cdsLibManager->viewListBox->value = "symbol"
\a cdsLibManager->viewLineEdit->value = "symbol"
\a cdsLibManager->cellListBox->value = "NOR3B2"
\a cdsLibManager->cellLineEdit->value = "NOR3B2"
\a cdsLibManager->viewLineEdit->value = ""
\a cdsLibManager->viewListBox->value = nil
\a cdsLibManager->viewListBox->value = "symbol"
\a cdsLibManager->viewLineEdit->value = "symbol"
\a cdsLibManager->cellListBox->value = "NOR3"
\a cdsLibManager->cellLineEdit->value = "NOR3"
\a cdsLibManager->viewLineEdit->value = ""
\a cdsLibManager->viewListBox->value = nil
\a cdsLibManager->viewListBox->value = "symbol"
\a cdsLibManager->viewLineEdit->value = "symbol"
\a cdsLibManager->cellListBox->value = "NOR2B1"
\a cdsLibManager->cellLineEdit->value = "NOR2B1"
\a cdsLibManager->viewLineEdit->value = ""
\a cdsLibManager->viewListBox->value = nil
\a cdsLibManager->viewListBox->value = "symbol"
\a cdsLibManager->viewLineEdit->value = "symbol"
\a cdsLibManager->cellListBox->value = "NAND5B5"
\a cdsLibManager->cellLineEdit->value = "NAND5B5"
\a cdsLibManager->viewLineEdit->value = ""
\a cdsLibManager->viewListBox->value = nil
\a cdsLibManager->viewListBox->value = "symbol"
\a cdsLibManager->viewLineEdit->value = "symbol"
\a cdsLibManager->cellListBox->value = "NAND5B3"
\a cdsLibManager->cellLineEdit->value = "NAND5B3"
\a cdsLibManager->viewLineEdit->value = ""
\a cdsLibManager->viewListBox->value = nil
\a cdsLibManager->viewListBox->value = "symbol"
\a cdsLibManager->viewLineEdit->value = "symbol"
\a cdsLibManager->cellListBox->value = "NAND5B1"
\a cdsLibManager->cellLineEdit->value = "NAND5B1"
\a cdsLibManager->viewLineEdit->value = ""
\a cdsLibManager->viewListBox->value = nil
\a cdsLibManager->viewListBox->value = "symbol"
\a cdsLibManager->viewLineEdit->value = "symbol"
\a cdsLibManager->cellListBox->value = "NAND4B4"
\a cdsLibManager->cellLineEdit->value = "NAND4B4"
\a cdsLibManager->viewLineEdit->value = ""
\a cdsLibManager->viewListBox->value = nil
\a cdsLibManager->viewListBox->value = "symbol"
\a cdsLibManager->viewLineEdit->value = "symbol"
\a cdsLibManager->cellListBox->value = "NAND4B2"
\a cdsLibManager->cellLineEdit->value = "NAND4B2"
\a cdsLibManager->viewLineEdit->value = ""
\a cdsLibManager->viewListBox->value = nil
\a cdsLibManager->viewListBox->value = "symbol"
\a cdsLibManager->viewLineEdit->value = "symbol"
\a cdsLibManager->cellListBox->value = "NAND4"
\a cdsLibManager->cellLineEdit->value = "NAND4"
\a cdsLibManager->viewLineEdit->value = ""
\a cdsLibManager->viewListBox->value = nil
\a cdsLibManager->viewListBox->value = "symbol"
\a cdsLibManager->viewLineEdit->value = "symbol"
\a cdsLibManager->cellListBox->value = "NAND3B2"
\a cdsLibManager->cellLineEdit->value = "NAND3B2"
\a cdsLibManager->viewLineEdit->value = ""
\a cdsLibManager->viewListBox->value = nil
\a cdsLibManager->viewListBox->value = "symbol"
\a cdsLibManager->viewLineEdit->value = "symbol"
\a cdsLibManager->cellListBox->value = "NAND3"
\a cdsLibManager->cellLineEdit->value = "NAND3"
\a cdsLibManager->viewLineEdit->value = ""
\a cdsLibManager->viewListBox->value = nil
\a cdsLibManager->viewListBox->value = "symbol"
\a cdsLibManager->viewLineEdit->value = "symbol"
\a cdsLibManager->cellListBox->value = "NAND2B1"
\a cdsLibManager->cellLineEdit->value = "NAND2B1"
\a cdsLibManager->viewLineEdit->value = ""
\a cdsLibManager->viewListBox->value = nil
\a cdsLibManager->viewListBox->value = "symbol"
\a cdsLibManager->viewLineEdit->value = "symbol"
\a cdsLibManager->cellListBox->value = "IPAD"
\a cdsLibManager->cellLineEdit->value = "IPAD"
\a cdsLibManager->viewLineEdit->value = ""
\a cdsLibManager->viewListBox->value = nil
\a cdsLibManager->viewListBox->value = "symbol"
\a cdsLibManager->viewLineEdit->value = "symbol"
\a cdsLibManager->cellListBox->value = "IOBUF"
\a cdsLibManager->cellLineEdit->value = "IOBUF"
\a cdsLibManager->viewLineEdit->value = ""
\a cdsLibManager->viewListBox->value = nil
\a cdsLibManager->viewListBox->value = "symbol"
\a cdsLibManager->viewLineEdit->value = "symbol"
\a cdsLibManager->cellListBox->value = "IBUF"
\a cdsLibManager->cellLineEdit->value = "IBUF"
\a cdsLibManager->viewLineEdit->value = ""
\a cdsLibManager->viewListBox->value = nil
\a cdsLibManager->viewListBox->value = "symbol"
\a cdsLibManager->viewLineEdit->value = "symbol"
\a cdsLibManager->cellListBox->value = "FD_1"
\a cdsLibManager->cellLineEdit->value = "FD_1"
\a cdsLibManager->viewLineEdit->value = ""
\a cdsLibManager->viewListBox->value = nil
\a cdsLibManager->viewListBox->value = "symbol"
\a cdsLibManager->viewLineEdit->value = "symbol"
\a cdsLibManager->cellListBox->value = "FDSE_1"
\a cdsLibManager->cellLineEdit->value = "FDSE_1"
\a cdsLibManager->viewLineEdit->value = ""
\a cdsLibManager->viewListBox->value = nil
\a cdsLibManager->viewListBox->value = "symbol"
\a cdsLibManager->viewLineEdit->value = "symbol"
\a cdsLibManager->cellListBox->value = "FDS"
\a cdsLibManager->cellLineEdit->value = "FDS"
\a cdsLibManager->viewLineEdit->value = ""
\a cdsLibManager->viewListBox->value = nil
\a cdsLibManager->viewListBox->value = "symbol"
\a cdsLibManager->viewLineEdit->value = "symbol"
\a cdsLibManager->cellListBox->value = "FDRSE_1"
\a cdsLibManager->cellLineEdit->value = "FDRSE_1"
\a cdsLibManager->viewLineEdit->value = ""
\a cdsLibManager->viewListBox->value = nil
\a cdsLibManager->viewListBox->value = "symbol"
\a cdsLibManager->viewLineEdit->value = "symbol"
\a cdsLibManager->cellListBox->value = "FDRE_1"
\a cdsLibManager->cellLineEdit->value = "FDRE_1"
\a cdsLibManager->viewLineEdit->value = ""
\a cdsLibManager->viewListBox->value = nil
\a cdsLibManager->viewListBox->value = "symbol"
\a cdsLibManager->viewLineEdit->value = "symbol"
\a cdsLibManager->cellListBox->value = "FDP_1"
\a cdsLibManager->cellLineEdit->value = "FDP_1"
\a cdsLibManager->viewLineEdit->value = ""
\a cdsLibManager->viewListBox->value = nil
\a cdsLibManager->viewListBox->value = "symbol"
\a cdsLibManager->viewLineEdit->value = "symbol"
\a cdsLibManager->cellListBox->value = "FDP"
\a cdsLibManager->cellLineEdit->value = "FDP"
\a cdsLibManager->viewLineEdit->value = ""
\a cdsLibManager->viewListBox->value = nil
\a cdsLibManager->viewListBox->value = "symbol"
\a cdsLibManager->viewLineEdit->value = "symbol"
\a cdsLibManager->cellListBox->value = "FDDRRSE"
\a cdsLibManager->cellLineEdit->value = "FDDRRSE"
\a cdsLibManager->viewLineEdit->value = ""
\a cdsLibManager->viewListBox->value = nil
\a cdsLibManager->viewListBox->value = "symbol"
\a cdsLibManager->viewLineEdit->value = "symbol"
\a cdsLibManager->cellListBox->value = "FDCP_1"
\a cdsLibManager->cellLineEdit->value = "FDCP_1"
\a cdsLibManager->viewLineEdit->value = ""
\a cdsLibManager->viewListBox->value = nil
\a cdsLibManager->viewListBox->value = "symbol"
\a cdsLibManager->viewLineEdit->value = "symbol"
\a cdsLibManager->cellListBox->value = "FDCP"
\a cdsLibManager->cellLineEdit->value = "FDCP"
\a cdsLibManager->viewLineEdit->value = ""
\a cdsLibManager->viewListBox->value = nil
\a cdsLibManager->viewListBox->value = "symbol"
\a cdsLibManager->viewLineEdit->value = "symbol"
\a cdsLibManager->cellListBox->value = "FDC"
\a cdsLibManager->cellLineEdit->value = "FDC"
\a cdsLibManager->viewLineEdit->value = ""
\a cdsLibManager->viewListBox->value = nil
\a cdsLibManager->viewListBox->value = "symbol"
\a cdsLibManager->viewLineEdit->value = "symbol"
\a cdsLibManager->cellListBox->value = "BUF"
\a cdsLibManager->cellLineEdit->value = "BUF"
\a cdsLibManager->viewLineEdit->value = ""
\a cdsLibManager->viewListBox->value = nil
\a cdsLibManager->viewListBox->value = "symbol"
\a cdsLibManager->viewLineEdit->value = "symbol"
\a cdsLibManager->cellListBox->value = "AND5B3"
\a cdsLibManager->cellLineEdit->value = "AND5B3"
\a cdsLibManager->viewLineEdit->value = ""
\a cdsLibManager->viewListBox->value = nil
\a cdsLibManager->viewListBox->value = "symbol"
\a cdsLibManager->viewLineEdit->value = "symbol"
\a cdsLibManager->cellListBox->value = "AND5"
\a cdsLibManager->cellLineEdit->value = "AND5"
\a cdsLibManager->viewLineEdit->value = ""
\a cdsLibManager->viewListBox->value = nil
\a cdsLibManager->viewListBox->value = "symbol"
\a cdsLibManager->viewLineEdit->value = "symbol"
\a cdsLibManager->cellListBox->value = "AND4B2"
\a cdsLibManager->cellLineEdit->value = "AND4B2"
\a cdsLibManager->viewLineEdit->value = ""
\a cdsLibManager->viewListBox->value = nil
\a cdsLibManager->viewListBox->value = "symbol"
\a cdsLibManager->viewLineEdit->value = "symbol"
\a cdsLibManager->cellListBox->value = "AND3B3"
\a cdsLibManager->cellLineEdit->value = "AND3B3"
\a cdsLibManager->viewLineEdit->value = ""
\a cdsLibManager->viewListBox->value = nil
\a cdsLibManager->viewListBox->value = "symbol"
\a cdsLibManager->viewLineEdit->value = "symbol"
\a cdsLibManager->cellListBox->value = "AND3"
\a cdsLibManager->cellLineEdit->value = "AND3"
\a cdsLibManager->viewLineEdit->value = ""
\a cdsLibManager->viewListBox->value = nil
\a cdsLibManager->viewListBox->value = "symbol"
\a cdsLibManager->viewLineEdit->value = "symbol"
\a cdsLibManager->cellListBox->value = "AND2"
\a cdsLibManager->cellLineEdit->value = "AND2"
\a cdsLibManager->viewLineEdit->value = ""
\a cdsLibManager->viewListBox->value = nil
\a cdsLibManager->viewListBox->value = "symbol"
\a cdsLibManager->viewLineEdit->value = "symbol"
\a cdsLibManager->cellLineEdit->value = ""
\a cdsLibManager->cellListBox->value = nil
\a cdsLibManager->viewLineEdit->value = ""
\a cdsLibManager->viewListBox->value = nil
\a cdsLibManager->cellListBox->value = "AND2"
\a cdsLibManager->cellLineEdit->value = "AND2"
\a cdsLibManager->viewListBox->value = "symbol"
\a cdsLibManager->viewLineEdit->value = "symbol"
\a nrSetCurrentWindow(cdsLibManager)
\a cdsLibManager->cellListBox->value = "AND2B1"
\a cdsLibManager->cellLineEdit->value = "AND2B1"
\a cdsLibManager->viewLineEdit->value = ""
\a cdsLibManager->viewListBox->value = nil
\a cdsLibManager->viewListBox->value = "symbol"
\a cdsLibManager->viewLineEdit->value = "symbol"
\a cdsLibManager->cellListBox->value = "AND2B2"
\a cdsLibManager->cellLineEdit->value = "AND2B2"
\a cdsLibManager->viewLineEdit->value = ""
\a cdsLibManager->viewListBox->value = nil
\a cdsLibManager->viewListBox->value = "symbol"
\a cdsLibManager->viewLineEdit->value = "symbol"
\a cdsLibManager->cellListBox->value = "AND3"
\a cdsLibManager->cellLineEdit->value = "AND3"
\a cdsLibManager->viewLineEdit->value = ""
\a cdsLibManager->viewListBox->value = nil
\a cdsLibManager->viewListBox->value = "symbol"
\a cdsLibManager->viewLineEdit->value = "symbol"
\a cdsLibManager->cellListBox->value = "AND3B1"
\a cdsLibManager->cellLineEdit->value = "AND3B1"
\a cdsLibManager->viewLineEdit->value = ""
\a cdsLibManager->viewListBox->value = nil
\a cdsLibManager->viewListBox->value = "symbol"
\a cdsLibManager->viewLineEdit->value = "symbol"
\a cdsLibManager->cellListBox->value = "AND3B2"
\a cdsLibManager->cellLineEdit->value = "AND3B2"
\a cdsLibManager->viewLineEdit->value = ""
\a cdsLibManager->viewListBox->value = nil
\a cdsLibManager->viewListBox->value = "symbol"
\a cdsLibManager->viewLineEdit->value = "symbol"
\a cdsLibManager->cellListBox->value = "AND3B3"
\a cdsLibManager->cellLineEdit->value = "AND3B3"
\a cdsLibManager->viewLineEdit->value = ""
\a cdsLibManager->viewListBox->value = nil
\a cdsLibManager->viewListBox->value = "symbol"
\a cdsLibManager->viewLineEdit->value = "symbol"
\a cdsLibManager->cellListBox->value = "AND4"
\a cdsLibManager->cellLineEdit->value = "AND4"
\a cdsLibManager->viewLineEdit->value = ""
\a cdsLibManager->viewListBox->value = nil
\a cdsLibManager->viewListBox->value = "symbol"
\a cdsLibManager->viewLineEdit->value = "symbol"
\a cdsLibManager->cellListBox->value = "AND4B1"
\a cdsLibManager->cellLineEdit->value = "AND4B1"
\a cdsLibManager->viewLineEdit->value = ""
\a cdsLibManager->viewListBox->value = nil
\a cdsLibManager->viewListBox->value = "symbol"
\a cdsLibManager->viewLineEdit->value = "symbol"
\a cdsLibManager->cellListBox->value = "AND4B3"
\a cdsLibManager->cellLineEdit->value = "AND4B3"
\a cdsLibManager->viewLineEdit->value = ""
\a cdsLibManager->viewListBox->value = nil
\a cdsLibManager->viewListBox->value = "symbol"
\a cdsLibManager->viewLineEdit->value = "symbol"
\a cdsLibManager->cellListBox->value = "AND4B4"
\a cdsLibManager->cellLineEdit->value = "AND4B4"
\a cdsLibManager->viewLineEdit->value = ""
\a cdsLibManager->viewListBox->value = nil
\a cdsLibManager->viewListBox->value = "symbol"
\a cdsLibManager->viewLineEdit->value = "symbol"
\a cdsLibManager->cellListBox->value = "AND5"
\a cdsLibManager->cellLineEdit->value = "AND5"
\a cdsLibManager->viewLineEdit->value = ""
\a cdsLibManager->viewListBox->value = nil
\a cdsLibManager->viewListBox->value = "symbol"
\a cdsLibManager->viewLineEdit->value = "symbol"
\a cdsLibManager->cellListBox->value = "AND5B1"
\a cdsLibManager->cellLineEdit->value = "AND5B1"
\a cdsLibManager->viewLineEdit->value = ""
\a cdsLibManager->viewListBox->value = nil
\a cdsLibManager->viewListBox->value = "symbol"
\a cdsLibManager->viewLineEdit->value = "symbol"
\a cdsLibManager->cellListBox->value = "AND5B3"
\a cdsLibManager->cellLineEdit->value = "AND5B3"
\a cdsLibManager->viewLineEdit->value = ""
\a cdsLibManager->viewListBox->value = nil
\a cdsLibManager->viewListBox->value = "symbol"
\a cdsLibManager->viewLineEdit->value = "symbol"
\a cdsLibManager->cellListBox->value = "AND5B4"
\a cdsLibManager->cellLineEdit->value = "AND5B4"
\a cdsLibManager->viewLineEdit->value = ""
\a cdsLibManager->viewListBox->value = nil
\a cdsLibManager->viewListBox->value = "symbol"
\a cdsLibManager->viewLineEdit->value = "symbol"
\a cdsLibManager->cellListBox->value = "AND5B5"
\a cdsLibManager->cellLineEdit->value = "AND5B5"
\a cdsLibManager->viewLineEdit->value = ""
\a cdsLibManager->viewListBox->value = nil
\a cdsLibManager->viewListBox->value = "symbol"
\a cdsLibManager->viewLineEdit->value = "symbol"
\a cdsLibManager->cellListBox->value = "BUF"
\a cdsLibManager->cellLineEdit->value = "BUF"
\a cdsLibManager->viewLineEdit->value = ""
\a cdsLibManager->viewListBox->value = nil
\a cdsLibManager->viewListBox->value = "symbol"
\a cdsLibManager->viewLineEdit->value = "symbol"
\a cdsLibManager->cellListBox->value = "BUFG"
\a cdsLibManager->cellLineEdit->value = "BUFG"
\a cdsLibManager->viewLineEdit->value = ""
\a cdsLibManager->viewListBox->value = nil
\a cdsLibManager->viewListBox->value = "symbol"
\a cdsLibManager->viewLineEdit->value = "symbol"
\a cdsLibManager->cellListBox->value = "FD"
\a cdsLibManager->cellLineEdit->value = "FD"
\a cdsLibManager->viewLineEdit->value = ""
\a cdsLibManager->viewListBox->value = nil
\a cdsLibManager->viewListBox->value = "symbol"
\a cdsLibManager->viewLineEdit->value = "symbol"
\a cdsLibManager->cellListBox->value = "FDC"
\a cdsLibManager->cellLineEdit->value = "FDC"
\a cdsLibManager->viewLineEdit->value = ""
\a cdsLibManager->viewListBox->value = nil
\a cdsLibManager->viewListBox->value = "symbol"
\a cdsLibManager->viewLineEdit->value = "symbol"
\a cdsLibManager->cellListBox->value = "FDCE"
\a cdsLibManager->cellLineEdit->value = "FDCE"
\a cdsLibManager->viewLineEdit->value = ""
\a cdsLibManager->viewListBox->value = nil
\a cdsLibManager->viewListBox->value = "symbol"
\a cdsLibManager->viewLineEdit->value = "symbol"
\a cdsLibManager->cellListBox->value = "FDCE_1"
\a cdsLibManager->cellLineEdit->value = "FDCE_1"
\a cdsLibManager->viewLineEdit->value = ""
\a cdsLibManager->viewListBox->value = nil
\a cdsLibManager->viewListBox->value = "symbol"
\a cdsLibManager->viewLineEdit->value = "symbol"
\a cdsLibManager->cellListBox->value = "FDCP"
\a cdsLibManager->cellLineEdit->value = "FDCP"
\a cdsLibManager->viewLineEdit->value = ""
\a cdsLibManager->viewListBox->value = nil
\a cdsLibManager->viewListBox->value = "symbol"
\a cdsLibManager->viewLineEdit->value = "symbol"
\a cdsLibManager->cellListBox->value = "FDCPE"
\a cdsLibManager->cellLineEdit->value = "FDCPE"
\a cdsLibManager->viewLineEdit->value = ""
\a cdsLibManager->viewListBox->value = nil
\a cdsLibManager->viewListBox->value = "symbol"
\a cdsLibManager->viewLineEdit->value = "symbol"
\a cdsLibManager->cellListBox->value = "FDCPE_1"
\a cdsLibManager->cellLineEdit->value = "FDCPE_1"
\a cdsLibManager->viewLineEdit->value = ""
\a cdsLibManager->viewListBox->value = nil
\a cdsLibManager->viewListBox->value = "symbol"
\a cdsLibManager->viewLineEdit->value = "symbol"
\a cdsLibManager->cellListBox->value = "FDCP_1"
\a cdsLibManager->cellLineEdit->value = "FDCP_1"
\a cdsLibManager->viewLineEdit->value = ""
\a cdsLibManager->viewListBox->value = nil
\a cdsLibManager->viewListBox->value = "symbol"
\a cdsLibManager->viewLineEdit->value = "symbol"
\a cdsLibManager->cellListBox->value = "FDDRCPE"
\a cdsLibManager->cellLineEdit->value = "FDDRCPE"
\a cdsLibManager->viewLineEdit->value = ""
\a cdsLibManager->viewListBox->value = nil
\a cdsLibManager->viewListBox->value = "symbol"
\a cdsLibManager->viewLineEdit->value = "symbol"
\a cdsLibManager->cellListBox->value = "FDE"
\a cdsLibManager->cellLineEdit->value = "FDE"
\a cdsLibManager->viewLineEdit->value = ""
\a cdsLibManager->viewListBox->value = nil
\a cdsLibManager->viewListBox->value = "symbol"
\a cdsLibManager->viewLineEdit->value = "symbol"
\a cdsLibManager->cellListBox->value = "FDP"
\a cdsLibManager->cellLineEdit->value = "FDP"
\a cdsLibManager->viewLineEdit->value = ""
\a cdsLibManager->viewListBox->value = nil
\a cdsLibManager->viewListBox->value = "symbol"
\a cdsLibManager->viewLineEdit->value = "symbol"
\a cdsLibManager->cellListBox->value = "FDP_1"
\a cdsLibManager->cellLineEdit->value = "FDP_1"
\a cdsLibManager->viewLineEdit->value = ""
\a cdsLibManager->viewListBox->value = nil
\a cdsLibManager->viewListBox->value = "symbol"
\a cdsLibManager->viewLineEdit->value = "symbol"
\a cdsLibManager->cellListBox->value = "FDRE_1"
\a cdsLibManager->cellLineEdit->value = "FDRE_1"
\a cdsLibManager->viewLineEdit->value = ""
\a cdsLibManager->viewListBox->value = nil
\a cdsLibManager->viewListBox->value = "symbol"
\a cdsLibManager->viewLineEdit->value = "symbol"
\a cdsLibManager->cellListBox->value = "FDRS_1"
\a cdsLibManager->cellLineEdit->value = "FDRS_1"
\a cdsLibManager->viewLineEdit->value = ""
\a cdsLibManager->viewListBox->value = nil
\a cdsLibManager->viewListBox->value = "symbol"
\a cdsLibManager->viewLineEdit->value = "symbol"
\a cdsLibManager->cellListBox->value = "FDSE_1"
\a cdsLibManager->cellLineEdit->value = "FDSE_1"
\a cdsLibManager->viewLineEdit->value = ""
\a cdsLibManager->viewListBox->value = nil
\a cdsLibManager->viewListBox->value = "symbol"
\a cdsLibManager->viewLineEdit->value = "symbol"
\a cdsLibManager->cellListBox->value = "INV"
\a cdsLibManager->cellLineEdit->value = "INV"
\a cdsLibManager->viewLineEdit->value = ""
\a cdsLibManager->viewListBox->value = nil
\a cdsLibManager->viewListBox->value = "symbol"
\a cdsLibManager->viewLineEdit->value = "symbol"
\a cdsLibManager->cellListBox->value = "NAND2B1"
\a cdsLibManager->cellLineEdit->value = "NAND2B1"
\a cdsLibManager->viewLineEdit->value = ""
\a cdsLibManager->viewListBox->value = nil
\a cdsLibManager->viewListBox->value = "symbol"
\a cdsLibManager->viewLineEdit->value = "symbol"
\a cdsLibManager->cellListBox->value = "NAND3B3"
\a cdsLibManager->cellLineEdit->value = "NAND3B3"
\a cdsLibManager->viewLineEdit->value = ""
\a cdsLibManager->viewListBox->value = nil
\a cdsLibManager->viewListBox->value = "symbol"
\a cdsLibManager->viewLineEdit->value = "symbol"
\a cdsLibManager->cellListBox->value = "NAND5"
\a cdsLibManager->cellLineEdit->value = "NAND5"
\a cdsLibManager->viewLineEdit->value = ""
\a cdsLibManager->viewListBox->value = nil
\a cdsLibManager->viewListBox->value = "symbol"
\a cdsLibManager->viewLineEdit->value = "symbol"
\a cdsLibManager->cellListBox->value = "NOR2"
\a cdsLibManager->cellLineEdit->value = "NOR2"
\a cdsLibManager->viewLineEdit->value = ""
\a cdsLibManager->viewListBox->value = nil
\a cdsLibManager->viewListBox->value = "symbol"
\a cdsLibManager->viewLineEdit->value = "symbol"
\a cdsLibManager->cellListBox->value = "NOR3B3"
\a cdsLibManager->cellLineEdit->value = "NOR3B3"
\a cdsLibManager->viewLineEdit->value = ""
\a cdsLibManager->viewListBox->value = nil
\a cdsLibManager->viewListBox->value = "symbol"
\a cdsLibManager->viewLineEdit->value = "symbol"
\a cdsLibManager->cellListBox->value = "NOR5"
\a cdsLibManager->cellLineEdit->value = "NOR5"
\a cdsLibManager->viewLineEdit->value = ""
\a cdsLibManager->viewListBox->value = nil
\a cdsLibManager->viewListBox->value = "symbol"
\a cdsLibManager->viewLineEdit->value = "symbol"
\a cdsLibManager->cellListBox->value = "OBUF"
\a cdsLibManager->cellLineEdit->value = "OBUF"
\a cdsLibManager->viewLineEdit->value = ""
\a cdsLibManager->viewListBox->value = nil
\a cdsLibManager->viewListBox->value = "symbol"
\a cdsLibManager->viewLineEdit->value = "symbol"
\a cdsLibManager->cellListBox->value = "OR3"
\a cdsLibManager->cellLineEdit->value = "OR3"
\a cdsLibManager->viewLineEdit->value = ""
\a cdsLibManager->viewListBox->value = nil
\a cdsLibManager->viewListBox->value = "symbol"
\a cdsLibManager->viewLineEdit->value = "symbol"
\a cdsLibManager->cellListBox->value = "OR4B2"
\a cdsLibManager->cellLineEdit->value = "OR4B2"
\a cdsLibManager->viewLineEdit->value = ""
\a cdsLibManager->viewListBox->value = nil
\a cdsLibManager->viewListBox->value = "symbol"
\a cdsLibManager->viewLineEdit->value = "symbol"
\a cdsLibManager->cellListBox->value = "OR5B3"
\a cdsLibManager->cellLineEdit->value = "OR5B3"
\a cdsLibManager->viewLineEdit->value = ""
\a cdsLibManager->viewListBox->value = nil
\a cdsLibManager->viewListBox->value = "symbol"
\a cdsLibManager->viewLineEdit->value = "symbol"
\a cdsLibManager->cellListBox->value = "XNOR4"
\a cdsLibManager->cellLineEdit->value = "XNOR4"
\a cdsLibManager->viewLineEdit->value = ""
\a cdsLibManager->viewListBox->value = nil
\a cdsLibManager->viewListBox->value = "symbol"
\a cdsLibManager->viewLineEdit->value = "symbol"
\a cdsLibManager->cellListBox->value = "XORCY"
\a cdsLibManager->cellLineEdit->value = "XORCY"
\a cdsLibManager->viewLineEdit->value = ""
\a cdsLibManager->viewListBox->value = nil
\a cdsLibManager->viewListBox->value = "symbol"
\a cdsLibManager->viewLineEdit->value = "symbol"
\a cdsLibManager->cellListBox->value = "XORCY_L"
\a cdsLibManager->cellLineEdit->value = "XORCY_L"
\a cdsLibManager->viewLineEdit->value = ""
\a cdsLibManager->viewListBox->value = nil
\a cdsLibManager->viewListBox->value = "symbol"
\a cdsLibManager->viewLineEdit->value = "symbol"
\a cdsLibManager->cellListBox->value = "XORCY_D"
\a cdsLibManager->cellLineEdit->value = "XORCY_D"
\a cdsLibManager->viewLineEdit->value = ""
\a cdsLibManager->viewListBox->value = nil
\a cdsLibManager->viewListBox->value = "symbol"
\a cdsLibManager->viewLineEdit->value = "symbol"
\a cdsLibManager->cellListBox->value = "XORCY"
\a cdsLibManager->cellLineEdit->value = "XORCY"
\a cdsLibManager->viewLineEdit->value = ""
\a cdsLibManager->viewListBox->value = nil
\a cdsLibManager->viewListBox->value = "symbol"
\a cdsLibManager->viewLineEdit->value = "symbol"
\a cdsLibManager->cellListBox->value = "XOR5"
\a cdsLibManager->cellLineEdit->value = "XOR5"
\a cdsLibManager->viewLineEdit->value = ""
\a cdsLibManager->viewListBox->value = nil
\a cdsLibManager->viewListBox->value = "symbol"
\a cdsLibManager->viewLineEdit->value = "symbol"
\a cdsLibManager->cellListBox->value = "XOR4"
\a cdsLibManager->cellLineEdit->value = "XOR4"
\a cdsLibManager->viewLineEdit->value = ""
\a cdsLibManager->viewListBox->value = nil
\a cdsLibManager->viewListBox->value = "symbol"
\a cdsLibManager->viewLineEdit->value = "symbol"
\a cdsLibManager->cellListBox->value = "XOR3"
\a cdsLibManager->cellLineEdit->value = "XOR3"
\a cdsLibManager->viewLineEdit->value = ""
\a cdsLibManager->viewListBox->value = nil
\a cdsLibManager->viewListBox->value = "symbol"
\a cdsLibManager->viewLineEdit->value = "symbol"
\a cdsLibManager->cellListBox->value = "XOR2"
\a cdsLibManager->cellLineEdit->value = "XOR2"
\a cdsLibManager->viewLineEdit->value = ""
\a cdsLibManager->viewListBox->value = nil
\a cdsLibManager->viewListBox->value = "symbol"
\a cdsLibManager->viewLineEdit->value = "symbol"
\a cdsLibManager->cellListBox->value = "XNOR5"
\a cdsLibManager->cellLineEdit->value = "XNOR5"
\a cdsLibManager->viewLineEdit->value = ""
\a cdsLibManager->viewListBox->value = nil
\a cdsLibManager->viewListBox->value = "symbol"
\a cdsLibManager->viewLineEdit->value = "symbol"
\a cdsLibManager->cellListBox->value = "XNOR4"
\a cdsLibManager->cellLineEdit->value = "XNOR4"
\a cdsLibManager->viewLineEdit->value = ""
\a cdsLibManager->viewListBox->value = nil
\a cdsLibManager->viewListBox->value = "symbol"
\a cdsLibManager->viewLineEdit->value = "symbol"
\a cdsLibManager->cellListBox->value = "XNOR3"
\a cdsLibManager->cellLineEdit->value = "XNOR3"
\a cdsLibManager->viewLineEdit->value = ""
\a cdsLibManager->viewListBox->value = nil
\a cdsLibManager->viewListBox->value = "symbol"
\a cdsLibManager->viewLineEdit->value = "symbol"
\a cdsLibManager->cellListBox->value = "XNOR2"
\a cdsLibManager->cellLineEdit->value = "XNOR2"
\a cdsLibManager->viewLineEdit->value = ""
\a cdsLibManager->viewListBox->value = nil
\a cdsLibManager->viewListBox->value = "symbol"
\a cdsLibManager->viewLineEdit->value = "symbol"
\a cdsLibManager->cellListBox->value = "VCC"
\a cdsLibManager->cellLineEdit->value = "VCC"
\a cdsLibManager->viewLineEdit->value = ""
\a cdsLibManager->viewListBox->value = nil
\a cdsLibManager->viewListBox->value = "symbol"
\a cdsLibManager->viewLineEdit->value = "symbol"
\a cdsLibManager->cellListBox->value = "OR5B5"
\a cdsLibManager->cellLineEdit->value = "OR5B5"
\a cdsLibManager->viewLineEdit->value = ""
\a cdsLibManager->viewListBox->value = nil
\a cdsLibManager->viewListBox->value = "symbol"
\a cdsLibManager->viewLineEdit->value = "symbol"
\a cdsLibManager->cellListBox->value = "OR5B4"
\a cdsLibManager->cellLineEdit->value = "OR5B4"
\a cdsLibManager->viewLineEdit->value = ""
\a cdsLibManager->viewListBox->value = nil
\a cdsLibManager->viewListBox->value = "symbol"
\a cdsLibManager->viewLineEdit->value = "symbol"
\a cdsLibManager->cellListBox->value = "OR5B3"
\a cdsLibManager->cellLineEdit->value = "OR5B3"
\a cdsLibManager->viewLineEdit->value = ""
\a cdsLibManager->viewListBox->value = nil
\a cdsLibManager->viewListBox->value = "symbol"
\a cdsLibManager->viewLineEdit->value = "symbol"
\a cdsLibManager->cellListBox->value = "OR5B2"
\a cdsLibManager->cellLineEdit->value = "OR5B2"
\a cdsLibManager->viewLineEdit->value = ""
\a cdsLibManager->viewListBox->value = nil
\a cdsLibManager->viewListBox->value = "symbol"
\a cdsLibManager->viewLineEdit->value = "symbol"
\a cdsLibManager->cellListBox->value = "OR5B1"
\a cdsLibManager->cellLineEdit->value = "OR5B1"
\a cdsLibManager->viewLineEdit->value = ""
\a cdsLibManager->viewListBox->value = nil
\a cdsLibManager->viewListBox->value = "symbol"
\a cdsLibManager->viewLineEdit->value = "symbol"
\a cdsLibManager->cellListBox->value = "OR5"
\a cdsLibManager->cellLineEdit->value = "OR5"
\a cdsLibManager->viewLineEdit->value = ""
\a cdsLibManager->viewListBox->value = nil
\a cdsLibManager->viewListBox->value = "symbol"
\a cdsLibManager->viewLineEdit->value = "symbol"
\a cdsLibManager->cellListBox->value = "OR4B4"
\a cdsLibManager->cellLineEdit->value = "OR4B4"
\a cdsLibManager->viewLineEdit->value = ""
\a cdsLibManager->viewListBox->value = nil
\a cdsLibManager->viewListBox->value = "symbol"
\a cdsLibManager->viewLineEdit->value = "symbol"
\a cdsLibManager->cellListBox->value = "OR4B3"
\a cdsLibManager->cellLineEdit->value = "OR4B3"
\a cdsLibManager->viewLineEdit->value = ""
\a cdsLibManager->viewListBox->value = nil
\a cdsLibManager->viewListBox->value = "symbol"
\a cdsLibManager->viewLineEdit->value = "symbol"
\a cdsLibManager->cellListBox->value = "OR4B2"
\a cdsLibManager->cellLineEdit->value = "OR4B2"
\a cdsLibManager->viewLineEdit->value = ""
\a cdsLibManager->viewListBox->value = nil
\a cdsLibManager->viewListBox->value = "symbol"
\a cdsLibManager->viewLineEdit->value = "symbol"
\a cdsLibManager->cellListBox->value = "OR4B1"
\a cdsLibManager->cellLineEdit->value = "OR4B1"
\a cdsLibManager->viewLineEdit->value = ""
\a cdsLibManager->viewListBox->value = nil
\a cdsLibManager->viewListBox->value = "symbol"
\a cdsLibManager->viewLineEdit->value = "symbol"
\a cdsLibManager->cellListBox->value = "OR4"
\a cdsLibManager->cellLineEdit->value = "OR4"
\a cdsLibManager->viewLineEdit->value = ""
\a cdsLibManager->viewListBox->value = nil
\a cdsLibManager->viewListBox->value = "symbol"
\a cdsLibManager->viewLineEdit->value = "symbol"
\a cdsLibManager->cellListBox->value = "OR3B3"
\a cdsLibManager->cellLineEdit->value = "OR3B3"
\a cdsLibManager->viewLineEdit->value = ""
\a cdsLibManager->viewListBox->value = nil
\a cdsLibManager->viewListBox->value = "symbol"
\a cdsLibManager->viewLineEdit->value = "symbol"
\a cdsLibManager->cellListBox->value = "OR3B2"
\a cdsLibManager->cellLineEdit->value = "OR3B2"
\a cdsLibManager->viewLineEdit->value = ""
\a cdsLibManager->viewListBox->value = nil
\a cdsLibManager->viewListBox->value = "symbol"
\a cdsLibManager->viewLineEdit->value = "symbol"
\a cdsLibManager->cellListBox->value = "OR3B1"
\a cdsLibManager->cellLineEdit->value = "OR3B1"
\a cdsLibManager->viewLineEdit->value = ""
\a cdsLibManager->viewListBox->value = nil
\a cdsLibManager->viewListBox->value = "symbol"
\a cdsLibManager->viewLineEdit->value = "symbol"
\a cdsLibManager->cellListBox->value = "OR3"
\a cdsLibManager->cellLineEdit->value = "OR3"
\a cdsLibManager->viewLineEdit->value = ""
\a cdsLibManager->viewListBox->value = nil
\a cdsLibManager->viewListBox->value = "symbol"
\a cdsLibManager->viewLineEdit->value = "symbol"
\a cdsLibManager->cellListBox->value = "OR2B2"
\a cdsLibManager->cellLineEdit->value = "OR2B2"
\a cdsLibManager->viewLineEdit->value = ""
\a cdsLibManager->viewListBox->value = nil
\a cdsLibManager->viewListBox->value = "symbol"
\a cdsLibManager->viewLineEdit->value = "symbol"
\a cdsLibManager->cellListBox->value = "OR2B1"
\a cdsLibManager->cellLineEdit->value = "OR2B1"
\a cdsLibManager->viewLineEdit->value = ""
\a cdsLibManager->viewListBox->value = nil
\a cdsLibManager->viewListBox->value = "symbol"
\a cdsLibManager->viewLineEdit->value = "symbol"
\a cdsLibManager->cellListBox->value = "OR2"
\a cdsLibManager->cellLineEdit->value = "OR2"
\a cdsLibManager->viewLineEdit->value = ""
\a cdsLibManager->viewListBox->value = nil
\a cdsLibManager->viewListBox->value = "symbol"
\a cdsLibManager->viewLineEdit->value = "symbol"
\a cdsLibManager->cellListBox->value = "OPAD"
\a cdsLibManager->cellLineEdit->value = "OPAD"
\a cdsLibManager->viewLineEdit->value = ""
\a cdsLibManager->viewListBox->value = nil
\a cdsLibManager->viewListBox->value = "symbol"
\a cdsLibManager->viewLineEdit->value = "symbol"
\a cdsLibManager->cellListBox->value = "OBUFT"
\a cdsLibManager->cellLineEdit->value = "OBUFT"
\a cdsLibManager->viewLineEdit->value = ""
\a cdsLibManager->viewListBox->value = nil
\a cdsLibManager->viewListBox->value = "symbol"
\a cdsLibManager->viewLineEdit->value = "symbol"
\a cdsLibManager->cellListBox->value = "NOR5B5"
\a cdsLibManager->cellLineEdit->value = "NOR5B5"
\a cdsLibManager->viewLineEdit->value = ""
\a cdsLibManager->viewListBox->value = nil
\a cdsLibManager->viewListBox->value = "symbol"
\a cdsLibManager->viewLineEdit->value = "symbol"
\a cdsLibManager->cellListBox->value = "NOR5B3"
\a cdsLibManager->cellLineEdit->value = "NOR5B3"
\a cdsLibManager->viewLineEdit->value = ""
\a cdsLibManager->viewListBox->value = nil
\a cdsLibManager->viewListBox->value = "symbol"
\a cdsLibManager->viewLineEdit->value = "symbol"
\a cdsLibManager->cellListBox->value = "NOR5B1"
\a cdsLibManager->cellLineEdit->value = "NOR5B1"
\a cdsLibManager->viewLineEdit->value = ""
\a cdsLibManager->viewListBox->value = nil
\a cdsLibManager->viewListBox->value = "symbol"
\a cdsLibManager->viewLineEdit->value = "symbol"
\a cdsLibManager->cellListBox->value = "NOR4B4"
\a cdsLibManager->cellLineEdit->value = "NOR4B4"
\a cdsLibManager->viewLineEdit->value = ""
\a cdsLibManager->viewListBox->value = nil
\a cdsLibManager->viewListBox->value = "symbol"
\a cdsLibManager->viewLineEdit->value = "symbol"
\a cdsLibManager->cellListBox->value = "NOR4B2"
\a cdsLibManager->cellLineEdit->value = "NOR4B2"
\a cdsLibManager->viewLineEdit->value = ""
\a cdsLibManager->viewListBox->value = nil
\a cdsLibManager->viewListBox->value = "symbol"
\a cdsLibManager->viewLineEdit->value = "symbol"
\a cdsLibManager->cellListBox->value = "NOR4"
\a cdsLibManager->cellLineEdit->value = "NOR4"
\a cdsLibManager->viewLineEdit->value = ""
\a cdsLibManager->viewListBox->value = nil
\a cdsLibManager->viewListBox->value = "symbol"
\a cdsLibManager->viewLineEdit->value = "symbol"
\a cdsLibManager->cellListBox->value = "NOR3B2"
\a cdsLibManager->cellLineEdit->value = "NOR3B2"
\a cdsLibManager->viewLineEdit->value = ""
\a cdsLibManager->viewListBox->value = nil
\a cdsLibManager->viewListBox->value = "symbol"
\a cdsLibManager->viewLineEdit->value = "symbol"
\a cdsLibManager->cellListBox->value = "NOR2B2"
\a cdsLibManager->cellLineEdit->value = "NOR2B2"
\a cdsLibManager->viewLineEdit->value = ""
\a cdsLibManager->viewListBox->value = nil
\a cdsLibManager->viewListBox->value = "symbol"
\a cdsLibManager->viewLineEdit->value = "symbol"
\a cdsLibManager->cellListBox->value = "NAND5B5"
\a cdsLibManager->cellLineEdit->value = "NAND5B5"
\a cdsLibManager->viewLineEdit->value = ""
\a cdsLibManager->viewListBox->value = nil
\a cdsLibManager->viewListBox->value = "symbol"
\a cdsLibManager->viewLineEdit->value = "symbol"
\a cdsLibManager->cellListBox->value = "NAND5B2"
\a cdsLibManager->cellLineEdit->value = "NAND5B2"
\a cdsLibManager->viewLineEdit->value = ""
\a cdsLibManager->viewListBox->value = nil
\a cdsLibManager->viewListBox->value = "symbol"
\a cdsLibManager->viewLineEdit->value = "symbol"
\a cdsLibManager->cellListBox->value = "NAND4B4"
\a cdsLibManager->cellLineEdit->value = "NAND4B4"
\a cdsLibManager->viewLineEdit->value = ""
\a cdsLibManager->viewListBox->value = nil
\a cdsLibManager->viewListBox->value = "symbol"
\a cdsLibManager->viewLineEdit->value = "symbol"
\a cdsLibManager->cellListBox->value = "NAND4B1"
\a cdsLibManager->cellLineEdit->value = "NAND4B1"
\a cdsLibManager->viewLineEdit->value = ""
\a cdsLibManager->viewListBox->value = nil
\a cdsLibManager->viewListBox->value = "symbol"
\a cdsLibManager->viewLineEdit->value = "symbol"
\a cdsLibManager->cellListBox->value = "NAND3B2"
\a cdsLibManager->cellLineEdit->value = "NAND3B2"
\a cdsLibManager->viewLineEdit->value = ""
\a cdsLibManager->viewListBox->value = nil
\a cdsLibManager->viewListBox->value = "symbol"
\a cdsLibManager->viewLineEdit->value = "symbol"
\a cdsLibManager->cellListBox->value = "NAND2B2"
\a cdsLibManager->cellLineEdit->value = "NAND2B2"
\a cdsLibManager->viewLineEdit->value = ""
\a cdsLibManager->viewListBox->value = nil
\a cdsLibManager->viewListBox->value = "symbol"
\a cdsLibManager->viewLineEdit->value = "symbol"
\a cdsLibManager->cellListBox->value = "IPAD"
\a cdsLibManager->cellLineEdit->value = "IPAD"
\a cdsLibManager->viewLineEdit->value = ""
\a cdsLibManager->viewListBox->value = nil
\a cdsLibManager->viewListBox->value = "symbol"
\a cdsLibManager->viewLineEdit->value = "symbol"
\a cdsLibManager->cellListBox->value = "INV"
\a cdsLibManager->cellLineEdit->value = "INV"
\a cdsLibManager->viewLineEdit->value = ""
\a cdsLibManager->viewListBox->value = nil
\a cdsLibManager->viewListBox->value = "symbol"
\a cdsLibManager->viewLineEdit->value = "symbol"
\a cdsLibManager->cellListBox->value = "FD_1"
\a cdsLibManager->cellLineEdit->value = "FD_1"
\a cdsLibManager->viewLineEdit->value = ""
\a cdsLibManager->viewListBox->value = nil
\a cdsLibManager->viewListBox->value = "symbol"
\a cdsLibManager->viewLineEdit->value = "symbol"
\a cdsLibManager->cellListBox->value = "FDSE"
\a cdsLibManager->cellLineEdit->value = "FDSE"
\a cdsLibManager->viewLineEdit->value = ""
\a cdsLibManager->viewListBox->value = nil
\a cdsLibManager->viewListBox->value = "symbol"
\a cdsLibManager->viewLineEdit->value = "symbol"
\a nrSetWindowVisibility(cdsLibManager "hide")
\a nrSetWindowVisibility(cdsLibManager "show")
\a nrSetCurrentWindow(cdsLibManager)
\a cdsLibManager->libListBox->value = "COMP12111_lib"
\a cdsLibManager->libLineEdit->value = "COMP12111_lib"
\a cdsLibManager->cellLineEdit->value = ""
\a cdsLibManager->cellListBox->value = nil
\a cdsLibManager->viewLineEdit->value = ""
\a cdsLibManager->viewListBox->value = nil
\a cdsLibManager->cellListBox->value = "fulladder"
\a cdsLibManager->cellLineEdit->value = "fulladder"
\a cdsLibManager->viewListBox->value = "schematic"
\a cdsLibManager->viewLineEdit->value = "schematic"
\a cdsLibManager->viewLineEdit->value = ""
\a cdsLibManager->viewListBox->value = nil
\o MPS request: edit design
\a nrListItemAction(cdsLibManager->cellListBox 4 0)
\a cdsLibManager->libListBox->value = nil
\a cdsLibManager->libLineEdit->value = ""
\a cdsLibManager->cellLineEdit->value = ""
\a cdsLibManager->cellListBox->value = nil
\a cdsLibManager->libListBox->value = "COMP12111_lib"
\a cdsLibManager->libLineEdit->value = "COMP12111_lib"
\a cdsLibManager->cellListBox->value = "fulladder"
\a cdsLibManager->cellLineEdit->value = "fulladder"
\a cdsLibManager->viewListBox->value = "schematic"
\a cdsLibManager->viewLineEdit->value = "schematic"
\a cdsLibManager->viewLineEdit->value = ""
\a cdsLibManager->viewListBox->value = nil
\a cdsLibManager->viewListBox->value = "schematic"
\a cdsLibManager->viewLineEdit->value = "schematic"
\a cdsLibManager->viewListBox->value = nil
\a cdsLibManager->viewLineEdit->value = ""
\a cdsLibManager->viewListBox->value = "schematic"
\a cdsLibManager->viewLineEdit->value = "schematic"
\a nrSetWindowVisibility(cdsLibManager "hide")
\a nrSetWindowVisibility(cdsLibManager "show")
\a nrSetCurrentWindow(cdsLibManager)
\a nrSetCurrentWindow(cdsLibManager)
\a nrSetCurrentWindow(cdsLibManager)
\a nrSetCurrentWindow(cdsLibManager)
\a nrSetCurrentWindow(cdsLibManager)
\a nrSetCurrentWindow(cdsLibManager)
